<?xml version="1.0" encoding="UTF-8"?>
<testng-results skipped="0" failed="1" total="1" passed="0">
  <reporter-output>
    <line>
      <![CDATA[-----------------------------------------]]>
    </line>
    <line>
      <![CDATA[TS01_TC01_checkVoiceOwnerGet]]>
    </line>
    <line>
      <![CDATA[-----------------------------------------]]>
    </line>
  </reporter-output>
  <suite name="Default suite" duration-ms="21629" started-at="2015-08-22T21:05:39Z" finished-at="2015-08-22T21:06:00Z">
    <groups>
    </groups>
    <test name="Default test" duration-ms="21629" started-at="2015-08-22T21:05:39Z" finished-at="2015-08-22T21:06:00Z">
      <class name="VoiceOwner.TS_VoiceOwner_Get">
        <test-method status="PASS" signature="setupCookieManager()[pri:0, instance:VoiceOwner.TS_VoiceOwner_Get@61a52fbd]" name="setupCookieManager" is-config="true" duration-ms="15" started-at="2015-08-22T14:05:39Z" finished-at="2015-08-22T14:05:39Z">
          <reporter-output>
          </reporter-output>
        </test-method> <!-- setupCookieManager -->
        <test-method status="PASS" signature="beforeMethod(java.lang.reflect.Method)[pri:0, instance:VoiceOwner.TS_VoiceOwner_Get@61a52fbd]" name="beforeMethod" is-config="true" duration-ms="1" started-at="2015-08-22T14:05:39Z" finished-at="2015-08-22T14:05:39Z">
          <params>
            <param index="0">
              <value>
                <![CDATA[public void VoiceOwner.TS_VoiceOwner_Get.TS01_TC01_checkVoiceOwnerGet()]]>
              </value>
            </param>
          </params>
          <reporter-output>
            <line>
              <![CDATA[-----------------------------------------]]>
            </line>
            <line>
              <![CDATA[TS01_TC01_checkVoiceOwnerGet]]>
            </line>
            <line>
              <![CDATA[-----------------------------------------]]>
            </line>
          </reporter-output>
        </test-method> <!-- beforeMethod -->
        <test-method status="FAIL" signature="TS01_TC01_checkVoiceOwnerGet()[pri:0, instance:VoiceOwner.TS_VoiceOwner_Get@61a52fbd]" name="TS01_TC01_checkVoiceOwnerGet" duration-ms="21586" started-at="2015-08-22T14:05:39Z" finished-at="2015-08-22T14:06:00Z">
          <exception class="java.lang.AssertionError">
            <message>
              <![CDATA[login status code is 200 expected [200] but found [500]]]>
            </message>
            <full-stacktrace>
              <![CDATA[java.lang.AssertionError: login status code is 200 expected [200] but found [500]
	at org.testng.Assert.fail(Assert.java:94)
	at org.testng.Assert.failNotEquals(Assert.java:496)
	at org.testng.Assert.assertEquals(Assert.java:125)
	at org.testng.Assert.assertEquals(Assert.java:372)
	at VoiceOwner.TS_VoiceOwner_Get.TS01_TC01_checkVoiceOwnerGet(TS_VoiceOwner_Get.java:63)
	at sun.reflect.NativeMethodAccessorImpl.invoke0(Native Method)
	at sun.reflect.NativeMethodAccessorImpl.invoke(NativeMethodAccessorImpl.java:62)
	at sun.reflect.DelegatingMethodAccessorImpl.invoke(DelegatingMethodAccessorImpl.java:43)
	at java.lang.reflect.Method.invoke(Method.java:497)
	at org.testng.internal.MethodInvocationHelper.invokeMethod(MethodInvocationHelper.java:85)
	at org.testng.internal.Invoker.invokeMethod(Invoker.java:648)
	at org.testng.internal.Invoker.invokeTestMethod(Invoker.java:834)
	at org.testng.internal.Invoker.invokeTestMethods(Invoker.java:1142)
	at org.testng.internal.TestMethodWorker.invokeTestMethods(TestMethodWorker.java:124)
	at org.testng.internal.TestMethodWorker.run(TestMethodWorker.java:108)
	at org.testng.TestRunner.privateRun(TestRunner.java:771)
	at org.testng.TestRunner.run(TestRunner.java:621)
	at org.testng.SuiteRunner.runTest(SuiteRunner.java:357)
	at org.testng.SuiteRunner.runSequentially(SuiteRunner.java:352)
	at org.testng.SuiteRunner.privateRun(SuiteRunner.java:310)
	at org.testng.SuiteRunner.run(SuiteRunner.java:259)
	at org.testng.SuiteRunnerWorker.runSuite(SuiteRunnerWorker.java:52)
	at org.testng.SuiteRunnerWorker.run(SuiteRunnerWorker.java:86)
	at org.testng.TestNG.runSuitesSequentially(TestNG.java:1176)
	at org.testng.TestNG.runSuitesLocally(TestNG.java:1101)
	at org.testng.TestNG.run(TestNG.java:1009)
	at org.testng.remote.RemoteTestNG.run(RemoteTestNG.java:111)
	at org.testng.remote.RemoteTestNG.initAndRun(RemoteTestNG.java:204)
	at org.testng.remote.RemoteTestNG.main(RemoteTestNG.java:175)
]]>
            </full-stacktrace>
          </exception> <!-- java.lang.AssertionError -->
          <reporter-output>
          </reporter-output>
        </test-method> <!-- TS01_TC01_checkVoiceOwnerGet -->
      </class> <!-- VoiceOwner.TS_VoiceOwner_Get -->
    </test> <!-- Default test -->
  </suite> <!-- Default suite -->
</testng-results>
